[0m01:18:47.215669 [debug] [MainThread]: Sending event: {'category': 'dbt', 'action': 'invocation', 'label': 'start', 'context': [<snowplow_tracker.self_describing_json.SelfDescribingJson object at 0x0000027666ED7F10>, <snowplow_tracker.self_describing_json.SelfDescribingJson object at 0x0000027666EEE150>, <snowplow_tracker.self_describing_json.SelfDescribingJson object at 0x0000027666EEFD90>]}


============================== 01:18:47.231388 | c50c419d-7b0a-46da-b954-3aa53b09b901 ==============================
[0m01:18:47.231388 [info ] [MainThread]: Running with dbt=1.9.0
[0m01:18:47.231388 [debug] [MainThread]: running dbt with arguments {'printer_width': '80', 'indirect_selection': 'eager', 'write_json': 'True', 'log_cache_events': 'False', 'partial_parse': 'True', 'cache_selected_only': 'False', 'profiles_dir': 'C:\\Users\\Kunchala Theja Kumar\\.dbt', 'version_check': 'True', 'warn_error': 'None', 'log_path': 'logs', 'fail_fast': 'False', 'debug': 'False', 'use_colors': 'True', 'use_experimental_parser': 'False', 'no_print': 'None', 'quiet': 'False', 'empty': 'None', 'warn_error_options': 'WarnErrorOptions(include=[], exclude=[])', 'static_parser': 'True', 'introspect': 'True', 'invocation_command': 'dbt init dbt_project', 'target_path': 'None', 'log_format': 'default', 'send_anonymous_usage_stats': 'True'}
[0m01:18:47.242450 [debug] [MainThread]: Starter project path: d:\MyFiles\VsCode\dbt_venv\Lib\site-packages\dbt\include\starter_project
[0m01:18:47.250182 [info ] [MainThread]: 
Your new dbt project "dbt_project" was created!

For more information on how to configure the profiles.yml file,
please consult the dbt documentation here:

  https://docs.getdbt.com/docs/configure-your-profile

One more thing:

Need help? Don't hesitate to reach out to us via GitHub issues or on Slack:

  https://community.getdbt.com/

Happy modeling!

[0m01:18:47.251591 [info ] [MainThread]: Setting up your profile.
[0m01:19:27.982762 [info ] [MainThread]: Profile dbt_project written to C:\Users\Kunchala Theja Kumar\.dbt\profiles.yml using target's profile_template.yml and your supplied values. Run 'dbt debug' to validate the connection.
[0m01:19:27.982762 [debug] [MainThread]: Command `dbt init` succeeded at 01:19:27.982762 after 40.82 seconds
[0m01:19:27.986303 [debug] [MainThread]: Sending event: {'category': 'dbt', 'action': 'invocation', 'label': 'end', 'context': [<snowplow_tracker.self_describing_json.SelfDescribingJson object at 0x0000027666EED350>, <snowplow_tracker.self_describing_json.SelfDescribingJson object at 0x000002766082BDD0>, <snowplow_tracker.self_describing_json.SelfDescribingJson object at 0x0000027666E9E710>]}
[0m01:19:27.986303 [debug] [MainThread]: Flushing usage events
[0m01:19:29.194007 [debug] [MainThread]: An error was encountered while trying to flush usage events
[0m01:36:22.736031 [debug] [MainThread]: Sending event: {'category': 'dbt', 'action': 'invocation', 'label': 'start', 'context': [<snowplow_tracker.self_describing_json.SelfDescribingJson object at 0x000001B8138443D0>, <snowplow_tracker.self_describing_json.SelfDescribingJson object at 0x000001B813874610>, <snowplow_tracker.self_describing_json.SelfDescribingJson object at 0x000001B813892390>]}


============================== 01:36:22.736031 | 0140a1a6-4493-411c-b2c4-2da35e1d88cd ==============================
[0m01:36:22.736031 [info ] [MainThread]: Running with dbt=1.9.0
[0m01:36:22.736031 [debug] [MainThread]: running dbt with arguments {'printer_width': '80', 'indirect_selection': 'eager', 'log_cache_events': 'False', 'write_json': 'True', 'partial_parse': 'True', 'cache_selected_only': 'False', 'warn_error': 'None', 'fail_fast': 'False', 'profiles_dir': 'C:\\Users\\Kunchala Theja Kumar\\.dbt', 'log_path': 'logs', 'debug': 'False', 'version_check': 'True', 'use_colors': 'True', 'use_experimental_parser': 'False', 'empty': 'None', 'quiet': 'False', 'no_print': 'None', 'log_format': 'default', 'introspect': 'True', 'warn_error_options': 'WarnErrorOptions(include=[], exclude=[])', 'invocation_command': 'dbt debug', 'target_path': 'None', 'static_parser': 'True', 'send_anonymous_usage_stats': 'True'}
[0m01:36:22.747869 [info ] [MainThread]: dbt version: 1.9.0
[0m01:36:22.747869 [info ] [MainThread]: python version: 3.11.7
[0m01:36:22.747869 [info ] [MainThread]: python path: d:\MyFiles\VsCode\dbt_venv\Scripts\python.exe
[0m01:36:22.747869 [info ] [MainThread]: os info: Windows-10-10.0.26100-SP0
[0m01:36:22.799542 [info ] [MainThread]: Using profiles dir at C:\Users\Kunchala Theja Kumar\.dbt
[0m01:36:22.800547 [info ] [MainThread]: Using profiles.yml file at C:\Users\Kunchala Theja Kumar\.dbt\profiles.yml
[0m01:36:22.800547 [info ] [MainThread]: Using dbt_project.yml file at D:\MyFiles\VsCode\Project\dbt_project.yml
[0m01:36:22.801548 [info ] [MainThread]: adapter type: postgres
[0m01:36:22.802031 [info ] [MainThread]: adapter version: 1.9.0
[0m01:36:22.802448 [info ] [MainThread]: Configuration:
[0m01:36:22.802448 [info ] [MainThread]:   profiles.yml file [[32mOK found and valid[0m]
[0m01:36:22.802448 [info ] [MainThread]:   dbt_project.yml file [[31mERROR not found[0m]
[0m01:36:22.803453 [info ] [MainThread]: Required dependencies:
[0m01:36:22.803453 [debug] [MainThread]: Executing "git --help"
[0m01:36:22.847941 [debug] [MainThread]: STDOUT: "b"usage: git [-v | --version] [-h | --help] [-C <path>] [-c <name>=<value>]\n           [--exec-path[=<path>]] [--html-path] [--man-path] [--info-path]\n           [-p | --paginate | -P | --no-pager] [--no-replace-objects] [--no-lazy-fetch]\n           [--no-optional-locks] [--no-advice] [--bare] [--git-dir=<path>]\n           [--work-tree=<path>] [--namespace=<name>] [--config-env=<name>=<envvar>]\n           <command> [<args>]\n\nThese are common Git commands used in various situations:\n\nstart a working area (see also: git help tutorial)\n   clone      Clone a repository into a new directory\n   init       Create an empty Git repository or reinitialize an existing one\n\nwork on the current change (see also: git help everyday)\n   add        Add file contents to the index\n   mv         Move or rename a file, a directory, or a symlink\n   restore    Restore working tree files\n   rm         Remove files from the working tree and from the index\n\nexamine the history and state (see also: git help revisions)\n   bisect     Use binary search to find the commit that introduced a bug\n   diff       Show changes between commits, commit and working tree, etc\n   grep       Print lines matching a pattern\n   log        Show commit logs\n   show       Show various types of objects\n   status     Show the working tree status\n\ngrow, mark and tweak your common history\n   backfill   Download missing objects in a partial clone\n   branch     List, create, or delete branches\n   commit     Record changes to the repository\n   merge      Join two or more development histories together\n   rebase     Reapply commits on top of another base tip\n   reset      Reset current HEAD to the specified state\n   switch     Switch branches\n   tag        Create, list, delete or verify a tag object signed with GPG\n\ncollaborate (see also: git help workflows)\n   fetch      Download objects and refs from another repository\n   pull       Fetch from and integrate with another repository or a local branch\n   push       Update remote refs along with associated objects\n\n'git help -a' and 'git help -g' list available subcommands and some\nconcept guides. See 'git help <command>' or 'git help <concept>'\nto read about a specific subcommand or concept.\nSee 'git help git' for an overview of the system.\n""
[0m01:36:22.848254 [debug] [MainThread]: STDERR: "b''"
[0m01:36:22.848254 [info ] [MainThread]:  - git [[32mOK found[0m]

[0m01:36:22.849255 [info ] [MainThread]: Connection:
[0m01:36:22.849255 [info ] [MainThread]:   host: localhost
[0m01:36:22.849255 [info ] [MainThread]:   port: 5432
[0m01:36:22.850255 [info ] [MainThread]:   user: thejakumar_dbt
[0m01:36:22.850255 [info ] [MainThread]:   database: dbt_project
[0m01:36:22.851256 [info ] [MainThread]:   schema: dbt_schema
[0m01:36:22.851256 [info ] [MainThread]:   connect_timeout: 10
[0m01:36:22.851256 [info ] [MainThread]:   role: None
[0m01:36:22.852255 [info ] [MainThread]:   search_path: None
[0m01:36:22.852255 [info ] [MainThread]:   keepalives_idle: 0
[0m01:36:22.852255 [info ] [MainThread]:   sslmode: None
[0m01:36:22.853255 [info ] [MainThread]:   sslcert: None
[0m01:36:22.853255 [info ] [MainThread]:   sslkey: None
[0m01:36:22.854254 [info ] [MainThread]:   sslrootcert: None
[0m01:36:22.854254 [info ] [MainThread]:   application_name: dbt
[0m01:36:22.854880 [info ] [MainThread]:   retries: 1
[0m01:36:22.854880 [info ] [MainThread]: Registered adapter: postgres=1.9.0
[0m01:36:22.985140 [debug] [MainThread]: Acquiring new postgres connection 'debug'
[0m01:36:23.036205 [debug] [MainThread]: Using postgres connection "debug"
[0m01:36:23.038207 [debug] [MainThread]: On debug: select 1 as id
[0m01:36:23.038207 [debug] [MainThread]: Opening a new connection, currently in state init
[0m01:36:23.191581 [debug] [MainThread]: Postgres adapter: Got a retryable error when attempting to open a postgres connection.
1 attempts remaining. Retrying in 0 seconds.
Error:
connection to server at "localhost" (::1), port 5432 failed: FATAL:  database "dbt_project" does not exist

[0m01:36:23.221868 [debug] [MainThread]: Postgres adapter: Error running SQL: select 1 as id
[0m01:36:23.221868 [debug] [MainThread]: Postgres adapter: Rolling back transaction.
[0m01:36:23.221868 [debug] [MainThread]: On debug: No close available on handle
[0m01:36:23.221868 [info ] [MainThread]:   Connection test: [[31mERROR[0m]

[0m01:36:23.221868 [info ] [MainThread]: [31m2 checks failed:[0m
[0m01:36:23.221868 [info ] [MainThread]: Project loading failed for the following reason:
 project path <D:\MyFiles\VsCode\Project\dbt_project.yml> not found

[0m01:36:23.221868 [info ] [MainThread]: dbt was unable to connect to the specified database.
The database returned the following error:

  >Database Error
  connection to server at "localhost" (::1), port 5432 failed: FATAL:  database "dbt_project" does not exist
  

Check your database credentials and try again. For more information, visit:
https://docs.getdbt.com/docs/configure-your-profile


[0m01:36:23.221868 [debug] [MainThread]: Command `dbt debug` failed at 01:36:23.221868 after 0.56 seconds
[0m01:36:23.221868 [debug] [MainThread]: Connection 'debug' was properly closed.
[0m01:36:23.221868 [debug] [MainThread]: Sending event: {'category': 'dbt', 'action': 'invocation', 'label': 'end', 'context': [<snowplow_tracker.self_describing_json.SelfDescribingJson object at 0x000001B813CEA710>, <snowplow_tracker.self_describing_json.SelfDescribingJson object at 0x000001B80D1CBB90>, <snowplow_tracker.self_describing_json.SelfDescribingJson object at 0x000001B80D1CAF50>]}
[0m01:36:23.221868 [debug] [MainThread]: Flushing usage events
[0m01:36:24.668160 [debug] [MainThread]: An error was encountered while trying to flush usage events
[0m01:37:13.925330 [debug] [MainThread]: Sending event: {'category': 'dbt', 'action': 'invocation', 'label': 'start', 'context': [<snowplow_tracker.self_describing_json.SelfDescribingJson object at 0x000001D91658D6D0>, <snowplow_tracker.self_describing_json.SelfDescribingJson object at 0x000001D916574C50>, <snowplow_tracker.self_describing_json.SelfDescribingJson object at 0x000001D916574710>]}


============================== 01:37:13.939405 | 20314825-42ea-4739-a973-0d162f0c3739 ==============================
[0m01:37:13.939405 [info ] [MainThread]: Running with dbt=1.9.0
[0m01:37:13.941143 [debug] [MainThread]: running dbt with arguments {'printer_width': '80', 'indirect_selection': 'eager', 'write_json': 'True', 'log_cache_events': 'False', 'partial_parse': 'True', 'cache_selected_only': 'False', 'profiles_dir': 'C:\\Users\\Kunchala Theja Kumar\\.dbt', 'fail_fast': 'False', 'debug': 'False', 'log_path': 'logs', 'warn_error': 'None', 'version_check': 'True', 'use_colors': 'True', 'use_experimental_parser': 'False', 'no_print': 'None', 'quiet': 'False', 'empty': 'None', 'warn_error_options': 'WarnErrorOptions(include=[], exclude=[])', 'static_parser': 'True', 'introspect': 'True', 'invocation_command': 'dbt debug', 'target_path': 'None', 'log_format': 'default', 'send_anonymous_usage_stats': 'True'}
[0m01:37:13.945886 [info ] [MainThread]: dbt version: 1.9.0
[0m01:37:13.945886 [info ] [MainThread]: python version: 3.11.7
[0m01:37:13.954294 [info ] [MainThread]: python path: d:\MyFiles\VsCode\dbt_venv\Scripts\python.exe
[0m01:37:13.954915 [info ] [MainThread]: os info: Windows-10-10.0.26100-SP0
[0m01:37:13.986922 [info ] [MainThread]: Using profiles dir at C:\Users\Kunchala Theja Kumar\.dbt
[0m01:37:13.993574 [info ] [MainThread]: Using profiles.yml file at C:\Users\Kunchala Theja Kumar\.dbt\profiles.yml
[0m01:37:13.993574 [info ] [MainThread]: Using dbt_project.yml file at D:\MyFiles\VsCode\Project\dbt_project.yml
[0m01:37:13.993574 [info ] [MainThread]: adapter type: postgres
[0m01:37:13.993574 [info ] [MainThread]: adapter version: 1.9.0
[0m01:37:13.993574 [info ] [MainThread]: Configuration:
[0m01:37:13.993574 [info ] [MainThread]:   profiles.yml file [[32mOK found and valid[0m]
[0m01:37:13.993574 [info ] [MainThread]:   dbt_project.yml file [[31mERROR not found[0m]
[0m01:37:13.993574 [info ] [MainThread]: Required dependencies:
[0m01:37:13.993574 [debug] [MainThread]: Executing "git --help"
[0m01:37:14.042077 [debug] [MainThread]: STDOUT: "b"usage: git [-v | --version] [-h | --help] [-C <path>] [-c <name>=<value>]\n           [--exec-path[=<path>]] [--html-path] [--man-path] [--info-path]\n           [-p | --paginate | -P | --no-pager] [--no-replace-objects] [--no-lazy-fetch]\n           [--no-optional-locks] [--no-advice] [--bare] [--git-dir=<path>]\n           [--work-tree=<path>] [--namespace=<name>] [--config-env=<name>=<envvar>]\n           <command> [<args>]\n\nThese are common Git commands used in various situations:\n\nstart a working area (see also: git help tutorial)\n   clone      Clone a repository into a new directory\n   init       Create an empty Git repository or reinitialize an existing one\n\nwork on the current change (see also: git help everyday)\n   add        Add file contents to the index\n   mv         Move or rename a file, a directory, or a symlink\n   restore    Restore working tree files\n   rm         Remove files from the working tree and from the index\n\nexamine the history and state (see also: git help revisions)\n   bisect     Use binary search to find the commit that introduced a bug\n   diff       Show changes between commits, commit and working tree, etc\n   grep       Print lines matching a pattern\n   log        Show commit logs\n   show       Show various types of objects\n   status     Show the working tree status\n\ngrow, mark and tweak your common history\n   backfill   Download missing objects in a partial clone\n   branch     List, create, or delete branches\n   commit     Record changes to the repository\n   merge      Join two or more development histories together\n   rebase     Reapply commits on top of another base tip\n   reset      Reset current HEAD to the specified state\n   switch     Switch branches\n   tag        Create, list, delete or verify a tag object signed with GPG\n\ncollaborate (see also: git help workflows)\n   fetch      Download objects and refs from another repository\n   pull       Fetch from and integrate with another repository or a local branch\n   push       Update remote refs along with associated objects\n\n'git help -a' and 'git help -g' list available subcommands and some\nconcept guides. See 'git help <command>' or 'git help <concept>'\nto read about a specific subcommand or concept.\nSee 'git help git' for an overview of the system.\n""
[0m01:37:14.042077 [debug] [MainThread]: STDERR: "b''"
[0m01:37:14.042077 [info ] [MainThread]:  - git [[32mOK found[0m]

[0m01:37:14.042077 [info ] [MainThread]: Connection:
[0m01:37:14.042077 [info ] [MainThread]:   host: localhost
[0m01:37:14.042077 [info ] [MainThread]:   port: 5432
[0m01:37:14.042077 [info ] [MainThread]:   user: thejakumar_dbt
[0m01:37:14.042077 [info ] [MainThread]:   database: dbt_project_db
[0m01:37:14.042077 [info ] [MainThread]:   schema: dbt_schema
[0m01:37:14.042077 [info ] [MainThread]:   connect_timeout: 10
[0m01:37:14.048952 [info ] [MainThread]:   role: None
[0m01:37:14.048952 [info ] [MainThread]:   search_path: None
[0m01:37:14.048952 [info ] [MainThread]:   keepalives_idle: 0
[0m01:37:14.048952 [info ] [MainThread]:   sslmode: None
[0m01:37:14.048952 [info ] [MainThread]:   sslcert: None
[0m01:37:14.051192 [info ] [MainThread]:   sslkey: None
[0m01:37:14.051192 [info ] [MainThread]:   sslrootcert: None
[0m01:37:14.052237 [info ] [MainThread]:   application_name: dbt
[0m01:37:14.053205 [info ] [MainThread]:   retries: 1
[0m01:37:14.053205 [info ] [MainThread]: Registered adapter: postgres=1.9.0
[0m01:37:14.200664 [debug] [MainThread]: Acquiring new postgres connection 'debug'
[0m01:37:14.244816 [debug] [MainThread]: Using postgres connection "debug"
[0m01:37:14.244816 [debug] [MainThread]: On debug: select 1 as id
[0m01:37:14.244816 [debug] [MainThread]: Opening a new connection, currently in state init
[0m01:37:14.288889 [debug] [MainThread]: SQL status: SELECT 1 in 0.046 seconds
[0m01:37:14.288889 [debug] [MainThread]: On debug: Close
[0m01:37:14.288889 [info ] [MainThread]:   Connection test: [[32mOK connection ok[0m]

[0m01:37:14.288889 [info ] [MainThread]: [31m1 check failed:[0m
[0m01:37:14.288889 [info ] [MainThread]: Project loading failed for the following reason:
 project path <D:\MyFiles\VsCode\Project\dbt_project.yml> not found

[0m01:37:14.288889 [debug] [MainThread]: Command `dbt debug` failed at 01:37:14.288889 after 0.43 seconds
[0m01:37:14.288889 [debug] [MainThread]: Connection 'debug' was properly closed.
[0m01:37:14.288889 [debug] [MainThread]: Sending event: {'category': 'dbt', 'action': 'invocation', 'label': 'end', 'context': [<snowplow_tracker.self_describing_json.SelfDescribingJson object at 0x000001D916358F10>, <snowplow_tracker.self_describing_json.SelfDescribingJson object at 0x000001D9168DE810>, <snowplow_tracker.self_describing_json.SelfDescribingJson object at 0x000001D91641DC50>]}
[0m01:37:14.288889 [debug] [MainThread]: Flushing usage events
[0m01:37:15.444703 [debug] [MainThread]: An error was encountered while trying to flush usage events
